{"level":"error","time":"2024-07-21 09:34:23.350","line":"/Users/daihao/Downloads/gocode/cloudops/src/models/db_conn.go:149","func":"cloudops/src/models.MockUserRegister","msg":"模拟注册用户失败","错误":"Error 1062 (23000): Duplicate entry 'admin' for key 'idx_users_username'"}
{"level":"error","time":"2024-07-21 09:34:32.791","line":"/Users/daihao/Downloads/gocode/cloudops/src/web/view/api_menu.go:95","func":"cloudops/src/web/view.getMenuList","msg":"菜单的 Pid 转换错误","error":"strconv.Atoi: parsing \"0-5\": invalid syntax"}
{"level":"error","time":"2024-07-21 09:34:32.791","line":"/Users/daihao/Downloads/gocode/cloudops/src/web/view/api_menu.go:95","func":"cloudops/src/web/view.getMenuList","msg":"菜单的 Pid 转换错误","error":"strconv.Atoi: parsing \"0-5\": invalid syntax"}
{"level":"error","time":"2024-07-21 09:34:36.444","line":"/Users/daihao/Downloads/gocode/cloudops/src/web/view/api_menu.go:95","func":"cloudops/src/web/view.getMenuList","msg":"菜单的 Pid 转换错误","error":"strconv.Atoi: parsing \"0-5\": invalid syntax"}
{"level":"error","time":"2024-07-21 09:34:36.444","line":"/Users/daihao/Downloads/gocode/cloudops/src/web/view/api_menu.go:95","func":"cloudops/src/web/view.getMenuList","msg":"菜单的 Pid 转换错误","error":"strconv.Atoi: parsing \"0-5\": invalid syntax"}
{"level":"error","time":"2024-07-21 09:50:19.250","line":"/Users/daihao/Downloads/gocode/cloudops/src/models/request_jwt.go:56","func":"cloudops/src/models.ParseToken","msg":"Failed to parse token","error":"token has invalid claims: token is expired"}
{"level":"error","time":"2024-07-21 09:50:22.384","line":"/Users/daihao/Downloads/gocode/cloudops/src/web/view/api_menu.go:95","func":"cloudops/src/web/view.getMenuList","msg":"菜单的 Pid 转换错误","error":"strconv.Atoi: parsing \"0-5\": invalid syntax"}
{"level":"error","time":"2024-07-21 09:50:22.384","line":"/Users/daihao/Downloads/gocode/cloudops/src/web/view/api_menu.go:95","func":"cloudops/src/web/view.getMenuList","msg":"菜单的 Pid 转换错误","error":"strconv.Atoi: parsing \"0-5\": invalid syntax"}
{"level":"error","time":"2024-07-21 09:50:26.253","line":"/Users/daihao/Downloads/gocode/cloudops/src/web/view/api_menu.go:95","func":"cloudops/src/web/view.getMenuList","msg":"菜单的 Pid 转换错误","error":"strconv.Atoi: parsing \"0-5\": invalid syntax"}
{"level":"error","time":"2024-07-21 09:50:26.253","line":"/Users/daihao/Downloads/gocode/cloudops/src/web/view/api_menu.go:95","func":"cloudops/src/web/view.getMenuList","msg":"菜单的 Pid 转换错误","error":"strconv.Atoi: parsing \"0-5\": invalid syntax"}
{"level":"error","time":"2024-07-21 13:30:18.047","line":"/Users/daihao/Downloads/gocode/cloudops/src/models/request_jwt.go:56","func":"cloudops/src/models.ParseToken","msg":"Failed to parse token","error":"token has invalid claims: token is expired"}
{"level":"error","time":"2024-07-21 13:31:21.550","line":"/Users/daihao/Downloads/gocode/cloudops/src/web/view/api_menu.go:95","func":"cloudops/src/web/view.getMenuList","msg":"菜单的 Pid 转换错误","error":"strconv.Atoi: parsing \"0-5\": invalid syntax"}
{"level":"error","time":"2024-07-21 13:31:21.551","line":"/Users/daihao/Downloads/gocode/cloudops/src/web/view/api_menu.go:95","func":"cloudops/src/web/view.getMenuList","msg":"菜单的 Pid 转换错误","error":"strconv.Atoi: parsing \"0-5\": invalid syntax"}
{"level":"error","time":"2024-07-21 13:31:23.424","line":"/Users/daihao/Downloads/gocode/cloudops/src/web/view/api_menu.go:95","func":"cloudops/src/web/view.getMenuList","msg":"菜单的 Pid 转换错误","error":"strconv.Atoi: parsing \"0-5\": invalid syntax"}
{"level":"error","time":"2024-07-21 13:31:23.424","line":"/Users/daihao/Downloads/gocode/cloudops/src/web/view/api_menu.go:95","func":"cloudops/src/web/view.getMenuList","msg":"菜单的 Pid 转换错误","error":"strconv.Atoi: parsing \"0-5\": invalid syntax"}
{"level":"error","time":"2024-07-21 13:33:23.554","line":"/Users/daihao/Downloads/gocode/cloudops/src/web/view/api_menu.go:95","func":"cloudops/src/web/view.getMenuList","msg":"菜单的 Pid 转换错误","error":"strconv.Atoi: parsing \"0-5\": invalid syntax"}
{"level":"error","time":"2024-07-21 13:33:23.554","line":"/Users/daihao/Downloads/gocode/cloudops/src/web/view/api_menu.go:95","func":"cloudops/src/web/view.getMenuList","msg":"菜单的 Pid 转换错误","error":"strconv.Atoi: parsing \"0-5\": invalid syntax"}
{"level":"error","time":"2024-07-21 13:35:43.823","line":"/Users/daihao/Downloads/gocode/cloudops/src/web/view/api_menu.go:95","func":"cloudops/src/web/view.getMenuList","msg":"菜单的 Pid 转换错误","error":"strconv.Atoi: parsing \"0-5\": invalid syntax"}
{"level":"error","time":"2024-07-21 13:35:43.823","line":"/Users/daihao/Downloads/gocode/cloudops/src/web/view/api_menu.go:95","func":"cloudops/src/web/view.getMenuList","msg":"菜单的 Pid 转换错误","error":"strconv.Atoi: parsing \"0-5\": invalid syntax"}
{"level":"error","time":"2024-07-21 13:40:18.961","line":"/Users/daihao/Downloads/gocode/cloudops/src/web/view/api_menu.go:95","func":"cloudops/src/web/view.getMenuList","msg":"菜单的 Pid 转换错误","error":"strconv.Atoi: parsing \"0-5\": invalid syntax"}
{"level":"error","time":"2024-07-21 13:40:18.961","line":"/Users/daihao/Downloads/gocode/cloudops/src/web/view/api_menu.go:95","func":"cloudops/src/web/view.getMenuList","msg":"菜单的 Pid 转换错误","error":"strconv.Atoi: parsing \"0-5\": invalid syntax"}
{"level":"error","time":"2024-07-21 14:00:45.882","line":"/Users/daihao/Downloads/gocode/cloudops/src/web/view/api_menu.go:95","func":"cloudops/src/web/view.getMenuList","msg":"菜单的 Pid 转换错误","error":"strconv.Atoi: parsing \"0-5\": invalid syntax"}
{"level":"error","time":"2024-07-21 14:00:45.883","line":"/Users/daihao/Downloads/gocode/cloudops/src/web/view/api_menu.go:95","func":"cloudops/src/web/view.getMenuList","msg":"菜单的 Pid 转换错误","error":"strconv.Atoi: parsing \"0-5\": invalid syntax"}
{"level":"error","time":"2024-07-21 14:29:21.477","line":"/Users/daihao/Downloads/gocode/cloudops/src/models/db_conn.go:149","func":"cloudops/src/models.MockUserRegister","msg":"模拟注册用户失败","错误":"Error 1062 (23000): Duplicate entry 'admin' for key 'idx_users_username'"}
{"level":"error","time":"2024-07-21 14:29:29.821","line":"/Users/daihao/Downloads/gocode/cloudops/src/web/view/api_menu.go:95","func":"cloudops/src/web/view.getMenuList","msg":"菜单的 Pid 转换错误","error":"strconv.Atoi: parsing \"0-5\": invalid syntax"}
{"level":"error","time":"2024-07-21 14:29:29.822","line":"/Users/daihao/Downloads/gocode/cloudops/src/web/view/api_menu.go:95","func":"cloudops/src/web/view.getMenuList","msg":"菜单的 Pid 转换错误","error":"strconv.Atoi: parsing \"0-5\": invalid syntax"}
{"level":"error","time":"2024-07-21 14:29:53.712","line":"/Users/daihao/Downloads/gocode/cloudops/src/web/view/api_menu.go:95","func":"cloudops/src/web/view.getMenuList","msg":"菜单的 Pid 转换错误","error":"strconv.Atoi: parsing \"0-5\": invalid syntax"}
{"level":"error","time":"2024-07-21 14:29:53.712","line":"/Users/daihao/Downloads/gocode/cloudops/src/web/view/api_menu.go:95","func":"cloudops/src/web/view.getMenuList","msg":"菜单的 Pid 转换错误","error":"strconv.Atoi: parsing \"0-5\": invalid syntax"}
{"level":"error","time":"2024-07-21 14:31:35.707","line":"/Users/daihao/Downloads/gocode/cloudops/src/models/db_conn.go:149","func":"cloudops/src/models.MockUserRegister","msg":"模拟注册用户失败","错误":"Error 1062 (23000): Duplicate entry 'admin' for key 'idx_users_username'"}
{"level":"error","time":"2024-07-21 14:42:53.703","line":"/Users/daihao/Downloads/gocode/cloudops/src/models/db_conn.go:149","func":"cloudops/src/models.MockUserRegister","msg":"模拟注册用户失败","错误":"Error 1062 (23000): Duplicate entry 'admin' for key 'idx_users_username'"}
{"level":"error","time":"2024-07-21 14:42:58.033","line":"/Users/daihao/Downloads/gocode/cloudops/src/models/request_jwt.go:56","func":"cloudops/src/models.ParseToken","msg":"Failed to parse token","error":"token has invalid claims: token is expired"}
{"level":"error","time":"2024-07-21 14:42:59.920","line":"/Users/daihao/Downloads/gocode/cloudops/src/web/view/api_menu.go:95","func":"cloudops/src/web/view.getMenuList","msg":"菜单的 Pid 转换错误","error":"strconv.Atoi: parsing \"0-5\": invalid syntax"}
{"level":"error","time":"2024-07-21 14:42:59.920","line":"/Users/daihao/Downloads/gocode/cloudops/src/web/view/api_menu.go:95","func":"cloudops/src/web/view.getMenuList","msg":"菜单的 Pid 转换错误","error":"strconv.Atoi: parsing \"0-5\": invalid syntax"}
{"level":"error","time":"2024-07-21 14:43:03.201","line":"/Users/daihao/Downloads/gocode/cloudops/src/web/view/api_menu.go:95","func":"cloudops/src/web/view.getMenuList","msg":"菜单的 Pid 转换错误","error":"strconv.Atoi: parsing \"0-5\": invalid syntax"}
{"level":"error","time":"2024-07-21 14:43:03.201","line":"/Users/daihao/Downloads/gocode/cloudops/src/web/view/api_menu.go:95","func":"cloudops/src/web/view.getMenuList","msg":"菜单的 Pid 转换错误","error":"strconv.Atoi: parsing \"0-5\": invalid syntax"}
{"level":"error","time":"2024-07-21 14:43:28.892","line":"/Users/daihao/Downloads/gocode/cloudops/src/web/view/api_menu.go:95","func":"cloudops/src/web/view.getMenuList","msg":"菜单的 Pid 转换错误","error":"strconv.Atoi: parsing \"0-5\": invalid syntax"}
{"level":"error","time":"2024-07-21 14:43:28.892","line":"/Users/daihao/Downloads/gocode/cloudops/src/web/view/api_menu.go:95","func":"cloudops/src/web/view.getMenuList","msg":"菜单的 Pid 转换错误","error":"strconv.Atoi: parsing \"0-5\": invalid syntax"}
{"level":"error","time":"2024-07-21 16:11:06.672","line":"/Users/daihao/Downloads/gocode/cloudops/src/models/request_jwt.go:56","func":"cloudops/src/models.ParseToken","msg":"Failed to parse token","error":"token has invalid claims: token is expired"}
{"level":"error","time":"2024-07-21 16:11:09.837","line":"/Users/daihao/Downloads/gocode/cloudops/src/web/view/api_menu.go:95","func":"cloudops/src/web/view.getMenuList","msg":"菜单的 Pid 转换错误","error":"strconv.Atoi: parsing \"0-5\": invalid syntax"}
{"level":"error","time":"2024-07-21 16:11:09.837","line":"/Users/daihao/Downloads/gocode/cloudops/src/web/view/api_menu.go:95","func":"cloudops/src/web/view.getMenuList","msg":"菜单的 Pid 转换错误","error":"strconv.Atoi: parsing \"0-5\": invalid syntax"}
{"level":"error","time":"2024-07-21 16:11:32.575","line":"/Users/daihao/Downloads/gocode/cloudops/src/models/db_conn.go:149","func":"cloudops/src/models.MockUserRegister","msg":"模拟注册用户失败","错误":"Error 1062 (23000): Duplicate entry 'admin' for key 'idx_users_username'"}
{"level":"error","time":"2024-07-21 16:21:45.457","line":"/Users/daihao/Downloads/gocode/cloudops/src/models/db_conn.go:149","func":"cloudops/src/models.MockUserRegister","msg":"模拟注册用户失败","错误":"Error 1062 (23000): Duplicate entry 'admin' for key 'idx_users_username'"}
{"level":"error","time":"2024-07-21 16:21:48.327","line":"/Users/daihao/Downloads/gocode/cloudops/src/web/view/api_menu.go:95","func":"cloudops/src/web/view.getMenuList","msg":"菜单的 Pid 转换错误","error":"strconv.Atoi: parsing \"0-5\": invalid syntax"}
{"level":"error","time":"2024-07-21 16:21:48.328","line":"/Users/daihao/Downloads/gocode/cloudops/src/web/view/api_menu.go:95","func":"cloudops/src/web/view.getMenuList","msg":"菜单的 Pid 转换错误","error":"strconv.Atoi: parsing \"0-5\": invalid syntax"}
{"level":"error","time":"2024-07-21 16:21:51.235","line":"/Users/daihao/Downloads/gocode/cloudops/src/web/view/api_menu.go:95","func":"cloudops/src/web/view.getMenuList","msg":"菜单的 Pid 转换错误","error":"strconv.Atoi: parsing \"0-5\": invalid syntax"}
{"level":"error","time":"2024-07-21 16:21:51.236","line":"/Users/daihao/Downloads/gocode/cloudops/src/web/view/api_menu.go:95","func":"cloudops/src/web/view.getMenuList","msg":"菜单的 Pid 转换错误","error":"strconv.Atoi: parsing \"0-5\": invalid syntax"}
{"level":"error","time":"2024-07-21 16:22:39.878","line":"/Users/daihao/Downloads/gocode/cloudops/src/web/view/api_menu.go:95","func":"cloudops/src/web/view.getMenuList","msg":"菜单的 Pid 转换错误","error":"strconv.Atoi: parsing \"0-5\": invalid syntax"}
{"level":"error","time":"2024-07-21 16:22:39.879","line":"/Users/daihao/Downloads/gocode/cloudops/src/web/view/api_menu.go:95","func":"cloudops/src/web/view.getMenuList","msg":"菜单的 Pid 转换错误","error":"strconv.Atoi: parsing \"0-5\": invalid syntax"}
{"level":"error","time":"2024-07-21 16:22:43.178","line":"/Users/daihao/Downloads/gocode/cloudops/src/web/view/api_menu.go:95","func":"cloudops/src/web/view.getMenuList","msg":"菜单的 Pid 转换错误","error":"strconv.Atoi: parsing \"0-5\": invalid syntax"}
{"level":"error","time":"2024-07-21 16:22:43.178","line":"/Users/daihao/Downloads/gocode/cloudops/src/web/view/api_menu.go:95","func":"cloudops/src/web/view.getMenuList","msg":"菜单的 Pid 转换错误","error":"strconv.Atoi: parsing \"0-5\": invalid syntax"}
{"level":"error","time":"2024-07-21 16:22:43.843","line":"/Users/daihao/Downloads/gocode/cloudops/src/web/view/api_menu.go:95","func":"cloudops/src/web/view.getMenuList","msg":"菜单的 Pid 转换错误","error":"strconv.Atoi: parsing \"0-5\": invalid syntax"}
{"level":"error","time":"2024-07-21 16:22:43.844","line":"/Users/daihao/Downloads/gocode/cloudops/src/web/view/api_menu.go:95","func":"cloudops/src/web/view.getMenuList","msg":"菜单的 Pid 转换错误","error":"strconv.Atoi: parsing \"0-5\": invalid syntax"}
{"level":"error","time":"2024-07-21 16:22:44.336","line":"/Users/daihao/Downloads/gocode/cloudops/src/web/view/api_menu.go:95","func":"cloudops/src/web/view.getMenuList","msg":"菜单的 Pid 转换错误","error":"strconv.Atoi: parsing \"0-5\": invalid syntax"}
{"level":"error","time":"2024-07-21 16:22:44.336","line":"/Users/daihao/Downloads/gocode/cloudops/src/web/view/api_menu.go:95","func":"cloudops/src/web/view.getMenuList","msg":"菜单的 Pid 转换错误","error":"strconv.Atoi: parsing \"0-5\": invalid syntax"}
{"level":"error","time":"2024-07-21 16:22:44.854","line":"/Users/daihao/Downloads/gocode/cloudops/src/web/view/api_menu.go:95","func":"cloudops/src/web/view.getMenuList","msg":"菜单的 Pid 转换错误","error":"strconv.Atoi: parsing \"0-5\": invalid syntax"}
{"level":"error","time":"2024-07-21 16:22:44.855","line":"/Users/daihao/Downloads/gocode/cloudops/src/web/view/api_menu.go:95","func":"cloudops/src/web/view.getMenuList","msg":"菜单的 Pid 转换错误","error":"strconv.Atoi: parsing \"0-5\": invalid syntax"}
{"level":"error","time":"2024-07-21 16:22:45.122","line":"/Users/daihao/Downloads/gocode/cloudops/src/web/view/api_menu.go:95","func":"cloudops/src/web/view.getMenuList","msg":"菜单的 Pid 转换错误","error":"strconv.Atoi: parsing \"0-5\": invalid syntax"}
{"level":"error","time":"2024-07-21 16:22:45.123","line":"/Users/daihao/Downloads/gocode/cloudops/src/web/view/api_menu.go:95","func":"cloudops/src/web/view.getMenuList","msg":"菜单的 Pid 转换错误","error":"strconv.Atoi: parsing \"0-5\": invalid syntax"}
{"level":"error","time":"2024-07-21 16:22:45.391","line":"/Users/daihao/Downloads/gocode/cloudops/src/web/view/api_menu.go:95","func":"cloudops/src/web/view.getMenuList","msg":"菜单的 Pid 转换错误","error":"strconv.Atoi: parsing \"0-5\": invalid syntax"}
{"level":"error","time":"2024-07-21 16:22:45.391","line":"/Users/daihao/Downloads/gocode/cloudops/src/web/view/api_menu.go:95","func":"cloudops/src/web/view.getMenuList","msg":"菜单的 Pid 转换错误","error":"strconv.Atoi: parsing \"0-5\": invalid syntax"}
{"level":"error","time":"2024-07-21 16:22:51.915","line":"/Users/daihao/Downloads/gocode/cloudops/src/web/view/api_menu.go:95","func":"cloudops/src/web/view.getMenuList","msg":"菜单的 Pid 转换错误","error":"strconv.Atoi: parsing \"0-5\": invalid syntax"}
{"level":"error","time":"2024-07-21 16:22:51.915","line":"/Users/daihao/Downloads/gocode/cloudops/src/web/view/api_menu.go:95","func":"cloudops/src/web/view.getMenuList","msg":"菜单的 Pid 转换错误","error":"strconv.Atoi: parsing \"0-5\": invalid syntax"}
{"level":"error","time":"2024-07-21 16:22:52.207","line":"/Users/daihao/Downloads/gocode/cloudops/src/web/view/api_menu.go:95","func":"cloudops/src/web/view.getMenuList","msg":"菜单的 Pid 转换错误","error":"strconv.Atoi: parsing \"0-5\": invalid syntax"}
{"level":"error","time":"2024-07-21 16:22:52.207","line":"/Users/daihao/Downloads/gocode/cloudops/src/web/view/api_menu.go:95","func":"cloudops/src/web/view.getMenuList","msg":"菜单的 Pid 转换错误","error":"strconv.Atoi: parsing \"0-5\": invalid syntax"}
{"level":"error","time":"2024-07-21 16:25:59.881","line":"/Users/daihao/Downloads/gocode/cloudops/src/web/view/api_menu.go:277","func":"cloudops/src/web/view.deleteMenu","msg":"根据id找menu错误","菜单":null,"error":"菜单不存在"}
{"level":"error","time":"2024-07-21 16:26:03.358","line":"/Users/daihao/Downloads/gocode/cloudops/src/web/view/api_menu.go:95","func":"cloudops/src/web/view.getMenuList","msg":"菜单的 Pid 转换错误","error":"strconv.Atoi: parsing \"0-5\": invalid syntax"}
{"level":"error","time":"2024-07-21 16:26:03.358","line":"/Users/daihao/Downloads/gocode/cloudops/src/web/view/api_menu.go:95","func":"cloudops/src/web/view.getMenuList","msg":"菜单的 Pid 转换错误","error":"strconv.Atoi: parsing \"0-5\": invalid syntax"}
{"level":"error","time":"2024-07-21 16:26:03.658","line":"/Users/daihao/Downloads/gocode/cloudops/src/web/view/api_menu.go:95","func":"cloudops/src/web/view.getMenuList","msg":"菜单的 Pid 转换错误","error":"strconv.Atoi: parsing \"0-5\": invalid syntax"}
{"level":"error","time":"2024-07-21 16:26:03.658","line":"/Users/daihao/Downloads/gocode/cloudops/src/web/view/api_menu.go:95","func":"cloudops/src/web/view.getMenuList","msg":"菜单的 Pid 转换错误","error":"strconv.Atoi: parsing \"0-5\": invalid syntax"}
{"level":"error","time":"2024-07-21 16:26:25.765","line":"/Users/daihao/Downloads/gocode/cloudops/src/web/view/api_menu.go:95","func":"cloudops/src/web/view.getMenuList","msg":"菜单的 Pid 转换错误","error":"strconv.Atoi: parsing \"0-5\": invalid syntax"}
{"level":"error","time":"2024-07-21 16:26:25.765","line":"/Users/daihao/Downloads/gocode/cloudops/src/web/view/api_menu.go:95","func":"cloudops/src/web/view.getMenuList","msg":"菜单的 Pid 转换错误","error":"strconv.Atoi: parsing \"0-5\": invalid syntax"}
{"level":"error","time":"2024-07-21 16:26:31.897","line":"/Users/daihao/Downloads/gocode/cloudops/src/web/view/api_menu.go:95","func":"cloudops/src/web/view.getMenuList","msg":"菜单的 Pid 转换错误","error":"strconv.Atoi: parsing \"0-5\": invalid syntax"}
{"level":"error","time":"2024-07-21 16:26:31.897","line":"/Users/daihao/Downloads/gocode/cloudops/src/web/view/api_menu.go:95","func":"cloudops/src/web/view.getMenuList","msg":"菜单的 Pid 转换错误","error":"strconv.Atoi: parsing \"0-5\": invalid syntax"}
{"level":"error","time":"2024-07-21 16:26:38.282","line":"/Users/daihao/Downloads/gocode/cloudops/src/web/view/api_menu.go:277","func":"cloudops/src/web/view.deleteMenu","msg":"根据id找menu错误","菜单":null,"error":"菜单不存在"}
{"level":"error","time":"2024-07-21 16:26:49.360","line":"/Users/daihao/Downloads/gocode/cloudops/src/web/view/api_menu.go:277","func":"cloudops/src/web/view.deleteMenu","msg":"根据id找menu错误","菜单":null,"error":"菜单不存在"}
{"level":"error","time":"2024-07-21 16:28:26.000","line":"/Users/daihao/Downloads/gocode/cloudops/src/models/db_conn.go:149","func":"cloudops/src/models.MockUserRegister","msg":"模拟注册用户失败","错误":"Error 1062 (23000): Duplicate entry 'admin' for key 'idx_users_username'"}
{"level":"error","time":"2024-07-21 16:28:28.534","line":"/Users/daihao/Downloads/gocode/cloudops/src/web/view/api_menu.go:95","func":"cloudops/src/web/view.getMenuList","msg":"菜单的 Pid 转换错误","error":"strconv.Atoi: parsing \"0-5\": invalid syntax"}
{"level":"error","time":"2024-07-21 16:28:28.534","line":"/Users/daihao/Downloads/gocode/cloudops/src/web/view/api_menu.go:95","func":"cloudops/src/web/view.getMenuList","msg":"菜单的 Pid 转换错误","error":"strconv.Atoi: parsing \"0-5\": invalid syntax"}
{"level":"error","time":"2024-07-21 16:28:29.161","line":"/Users/daihao/Downloads/gocode/cloudops/src/web/view/api_menu.go:95","func":"cloudops/src/web/view.getMenuList","msg":"菜单的 Pid 转换错误","error":"strconv.Atoi: parsing \"0-5\": invalid syntax"}
{"level":"error","time":"2024-07-21 16:28:29.161","line":"/Users/daihao/Downloads/gocode/cloudops/src/web/view/api_menu.go:95","func":"cloudops/src/web/view.getMenuList","msg":"菜单的 Pid 转换错误","error":"strconv.Atoi: parsing \"0-5\": invalid syntax"}
{"level":"error","time":"2024-07-21 16:28:32.799","line":"/Users/daihao/Downloads/gocode/cloudops/src/web/view/api_menu.go:277","func":"cloudops/src/web/view.deleteMenu","msg":"根据id找menu错误","菜单":null,"error":"菜单不存在"}
{"level":"error","time":"2024-07-21 16:28:42.856","line":"/Users/daihao/Downloads/gocode/cloudops/src/web/view/api_menu.go:277","func":"cloudops/src/web/view.deleteMenu","msg":"根据id找menu错误","菜单":null,"error":"菜单不存在"}
{"level":"error","time":"2024-07-21 16:29:36.180","line":"/Users/daihao/Downloads/gocode/cloudops/src/models/db_conn.go:149","func":"cloudops/src/models.MockUserRegister","msg":"模拟注册用户失败","错误":"Error 1062 (23000): Duplicate entry 'admin' for key 'idx_users_username'"}
{"level":"error","time":"2024-07-21 16:29:43.647","line":"/Users/daihao/Downloads/gocode/cloudops/src/web/view/api_menu.go:278","func":"cloudops/src/web/view.deleteMenu","msg":"根据id找菜单错误","菜单":"undefined","error":"菜单不存在"}
{"level":"error","time":"2024-07-21 16:29:53.009","line":"/Users/daihao/Downloads/gocode/cloudops/src/web/view/api_menu.go:278","func":"cloudops/src/web/view.deleteMenu","msg":"根据id找菜单错误","菜单":"undefined","error":"菜单不存在"}
{"level":"error","time":"2024-07-21 16:41:06.519","line":"/Users/daihao/Downloads/gocode/cloudops/src/models/db_conn.go:149","func":"cloudops/src/models.MockUserRegister","msg":"模拟注册用户失败","错误":"Error 1062 (23000): Duplicate entry 'admin' for key 'idx_users_username'"}
{"level":"error","time":"2024-07-21 16:41:20.783","line":"/Users/daihao/Downloads/gocode/cloudops/src/web/view/api_menu.go:95","func":"cloudops/src/web/view.getMenuList","msg":"菜单的 Pid 转换错误","error":"strconv.Atoi: parsing \"0-5\": invalid syntax"}
{"level":"error","time":"2024-07-21 16:41:20.784","line":"/Users/daihao/Downloads/gocode/cloudops/src/web/view/api_menu.go:95","func":"cloudops/src/web/view.getMenuList","msg":"菜单的 Pid 转换错误","error":"strconv.Atoi: parsing \"0-5\": invalid syntax"}
{"level":"error","time":"2024-07-21 16:48:11.032","line":"/Users/daihao/Downloads/gocode/cloudops/src/models/db_conn.go:149","func":"cloudops/src/models.MockUserRegister","msg":"模拟注册用户失败","错误":"Error 1062 (23000): Duplicate entry 'admin' for key 'idx_users_username'"}
{"level":"error","time":"2024-07-21 16:48:22.602","line":"/Users/daihao/Downloads/gocode/cloudops/src/web/view/api_menu.go:95","func":"cloudops/src/web/view.getMenuList","msg":"菜单的 Pid 转换错误","error":"strconv.Atoi: parsing \"0-5\": invalid syntax"}
{"level":"error","time":"2024-07-21 16:48:22.602","line":"/Users/daihao/Downloads/gocode/cloudops/src/web/view/api_menu.go:95","func":"cloudops/src/web/view.getMenuList","msg":"菜单的 Pid 转换错误","error":"strconv.Atoi: parsing \"0-5\": invalid syntax"}
{"level":"error","time":"2024-07-21 16:50:57.389","line":"/Users/daihao/Downloads/gocode/cloudops/src/models/db_conn.go:149","func":"cloudops/src/models.MockUserRegister","msg":"模拟注册用户失败","错误":"Error 1062 (23000): Duplicate entry 'admin' for key 'idx_users_username'"}
{"level":"error","time":"2024-07-21 16:51:08.215","line":"/Users/daihao/Downloads/gocode/cloudops/src/web/view/api_menu.go:95","func":"cloudops/src/web/view.getMenuList","msg":"菜单的 Pid 转换错误","error":"strconv.Atoi: parsing \"0-5\": invalid syntax"}
{"level":"error","time":"2024-07-21 16:51:08.215","line":"/Users/daihao/Downloads/gocode/cloudops/src/web/view/api_menu.go:95","func":"cloudops/src/web/view.getMenuList","msg":"菜单的 Pid 转换错误","error":"strconv.Atoi: parsing \"0-5\": invalid syntax"}
{"level":"error","time":"2024-07-21 16:51:41.269","line":"/Users/daihao/Downloads/gocode/cloudops/src/web/view/api_menu.go:95","func":"cloudops/src/web/view.getMenuList","msg":"菜单的 Pid 转换错误","error":"strconv.Atoi: parsing \"0-5\": invalid syntax"}
{"level":"error","time":"2024-07-21 16:51:41.270","line":"/Users/daihao/Downloads/gocode/cloudops/src/web/view/api_menu.go:95","func":"cloudops/src/web/view.getMenuList","msg":"菜单的 Pid 转换错误","error":"strconv.Atoi: parsing \"0-5\": invalid syntax"}
{"level":"error","time":"2024-07-21 16:55:40.031","line":"/Users/daihao/Downloads/gocode/cloudops/src/models/db_conn.go:149","func":"cloudops/src/models.MockUserRegister","msg":"模拟注册用户失败","错误":"Error 1062 (23000): Duplicate entry 'admin' for key 'idx_users_username'"}
{"level":"error","time":"2024-07-21 16:55:54.700","line":"/Users/daihao/Downloads/gocode/cloudops/src/web/view/api_menu.go:95","func":"cloudops/src/web/view.getMenuList","msg":"菜单的 Pid 转换错误","error":"strconv.Atoi: parsing \"0-5\": invalid syntax"}
{"level":"error","time":"2024-07-21 16:55:54.700","line":"/Users/daihao/Downloads/gocode/cloudops/src/web/view/api_menu.go:95","func":"cloudops/src/web/view.getMenuList","msg":"菜单的 Pid 转换错误","error":"strconv.Atoi: parsing \"0-5\": invalid syntax"}
{"level":"error","time":"2024-07-21 16:57:51.768","line":"/Users/daihao/Downloads/gocode/cloudops/src/models/db_conn.go:149","func":"cloudops/src/models.MockUserRegister","msg":"模拟注册用户失败","错误":"Error 1062 (23000): Duplicate entry 'admin' for key 'idx_users_username'"}
{"level":"error","time":"2024-07-21 16:58:19.209","line":"/Users/daihao/Downloads/gocode/cloudops/src/web/view/api_menu.go:95","func":"cloudops/src/web/view.getMenuList","msg":"菜单的 Pid 转换错误","error":"strconv.Atoi: parsing \"0-5\": invalid syntax"}
{"level":"error","time":"2024-07-21 16:58:19.209","line":"/Users/daihao/Downloads/gocode/cloudops/src/web/view/api_menu.go:95","func":"cloudops/src/web/view.getMenuList","msg":"菜单的 Pid 转换错误","error":"strconv.Atoi: parsing \"0-5\": invalid syntax"}
